<?xml version="1.0" encoding="UTF-8"?>
<testng-results ignored="0" total="1" passed="1" failed="0" skipped="0">
  <reporter-output>
  </reporter-output>
  <suite started-at="2023-02-25T16:43:34 IST" name="Suite" finished-at="2023-02-25T16:43:59 IST" duration-ms="25562">
    <groups>
    </groups>
    <test started-at="2023-02-25T16:43:34 IST" name="Test" finished-at="2023-02-25T16:43:59 IST" duration-ms="25562">
      <class name="ECommerce.AddCart_PlaceOrder.E_Kart">
        <test-method signature="PurchaseItems(java.lang.String,java.lang.String,java.lang.String)[pri:0, instance:ECommerce.AddCart_PlaceOrder.E_Kart@2d52216b]" started-at="2023-02-25T16:43:34 IST" name="PurchaseItems" finished-at="2023-02-25T16:43:59 IST" duration-ms="25496" status="PASS">
          <params>
            <param index="0">
              <value>
                <![CDATA[webdriver.chrome.driver]]>
              </value>
            </param>
            <param index="1">
              <value>
                <![CDATA[D:\\SOFTWARES\\SOFTWARE TESTING\\3.chromedriver_win32\\chromedriver.exe]]>
              </value>
            </param>
            <param index="2">
              <value>
                <![CDATA[https://rahulshettyacademy.com/seleniumPractise/#/]]>
              </value>
            </param>
          </params>
          <reporter-output>
          </reporter-output>
        </test-method> <!-- PurchaseItems -->
      </class> <!-- ECommerce.AddCart_PlaceOrder.E_Kart -->
    </test> <!-- Test -->
  </suite> <!-- Suite -->
</testng-results>
